<?xml version="1.0" encoding="UTF-8"?>
<testng-results skipped="0" failed="0" ignored="0" total="0" passed="0">
  <reporter-output>
  </reporter-output>
  <suite name="com.bank.AppTest" duration-ms="6" started-at="2023-05-05T10:16:20 BST" finished-at="2023-05-05T10:16:20 BST">
    <groups>
    </groups>
    <test name="Command line test" duration-ms="6" started-at="2023-05-05T10:16:20 BST" finished-at="2023-05-05T10:16:20 BST">
    </test> <!-- Command line test -->
  </suite> <!-- com.bank.AppTest -->
</testng-results>
